<?xml version="1.0" encoding="UTF-8"?>
<!-- Generated by org.testng.reporters.JUnitXMLReporter -->
<testsuite ignored="1" hostname="Nitesh" failures="0" tests="1" name="Default test" time="4.731" errors="0" timestamp="2021-07-28T08:54:39 IST">
  <testcase classname="rest_bdd_io_test_one.rest_bdd_test_one" name="test_01" time="3.694"/>
  <testcase classname="rest_bdd_io_test_one.rest_bdd_test_one" name="test_02" time="0.0">
    <ignored/>
  </testcase> <!-- test_02 -->
</testsuite> <!-- Default test -->
