<?xml version="1.0" encoding="UTF-8"?>
<testng-results ignored="1" total="2" passed="1" failed="0" skipped="0">
  <reporter-output>
  </reporter-output>
  <suite started-at="2021-07-28T08:54:34 IST" name="Default suite" finished-at="2021-07-28T08:54:39 IST" duration-ms="4731">
    <groups>
    </groups>
    <test started-at="2021-07-28T08:54:34 IST" name="Default test" finished-at="2021-07-28T08:54:39 IST" duration-ms="4731">
      <class name="rest_bdd_io_test_one.rest_bdd_test_one">
        <test-method is-config="true" signature="baseUri()[pri:0, instance:rest_bdd_io_test_one.rest_bdd_test_one@69b2283a]" started-at="2021-07-28T08:54:34 IST" name="baseUri" finished-at="2021-07-28T08:54:35 IST" duration-ms="981" status="PASS">
          <reporter-output>
          </reporter-output>
        </test-method> <!-- baseUri -->
        <test-method signature="test_01()[pri:0, instance:rest_bdd_io_test_one.rest_bdd_test_one@69b2283a]" started-at="2021-07-28T08:54:35 IST" name="test_01" finished-at="2021-07-28T08:54:39 IST" duration-ms="3694" status="PASS">
          <reporter-output>
          </reporter-output>
        </test-method> <!-- test_01 -->
      </class> <!-- rest_bdd_io_test_one.rest_bdd_test_one -->
    </test> <!-- Default test -->
  </suite> <!-- Default suite -->
</testng-results>
